[    8515ms] Identifier 'serviceWorkerVersion' has already been declared
[   15862ms] [WARNING] Mixed Content: The page at 'https://linkareer.com/' was loaded over HTTPS, but requested an insecure element 'http://k.kakaocdn.net/dn/cMWYhU/dJMb85I9q6G/uGA3MdKVG3Ve99lNKcLJo0/img_110x110.jpg?d=110xauto'. This request was automatically upgraded to HTTPS, For more information see https://blog.chromium.org/2019/10/no-more-mixed-messages-about-https.html @ https://linkareer.com/:0
[   23415ms] Identifier 'serviceWorkerVersion' has already been declared
[   25909ms] [WARNING] [Elastic APM] Failed sending events! AbortError: signal is aborted without reason
    at https://linkareer.com/_next/static/chunks/pages/_app-30012bd681fab86f.js:714:128643 @ https://linkareer.com/_next/static/chunks/pages/_app-30012bd681fab86f.js:713
[   26523ms] [WARNING] [Elastic APM] Failed sending events! AbortError: signal is aborted without reason
    at https://linkareer.com/_next/static/chunks/pages/_app-30012bd681fab86f.js:714:128643 @ https://linkareer.com/_next/static/chunks/pages/_app-30012bd681fab86f.js:713
[   30973ms] [WARNING] [Elastic APM] Failed sending events! AbortError: signal is aborted without reason
    at https://linkareer.com/_next/static/chunks/pages/_app-30012bd681fab86f.js:714:128643 @ https://linkareer.com/_next/static/chunks/pages/_app-30012bd681fab86f.js:713
[   37321ms] [WARNING] [Elastic APM] Failed sending events! AbortError: signal is aborted without reason
    at https://linkareer.com/_next/static/chunks/pages/_app-30012bd681fab86f.js:714:128643 @ https://linkareer.com/_next/static/chunks/pages/_app-30012bd681fab86f.js:713
[   43955ms] [WARNING] [Elastic APM] Failed sending events! AbortError: signal is aborted without reason
    at https://linkareer.com/_next/static/chunks/pages/_app-30012bd681fab86f.js:714:128643 @ https://linkareer.com/_next/static/chunks/pages/_app-30012bd681fab86f.js:713
[   50573ms] [WARNING] [Elastic APM] Failed sending events! AbortError: signal is aborted without reason
    at https://linkareer.com/_next/static/chunks/pages/_app-30012bd681fab86f.js:714:128643 @ https://linkareer.com/_next/static/chunks/pages/_app-30012bd681fab86f.js:713
[   57221ms] [WARNING] [Elastic APM] Failed sending events! AbortError: signal is aborted without reason
    at https://linkareer.com/_next/static/chunks/pages/_app-30012bd681fab86f.js:714:128643 @ https://linkareer.com/_next/static/chunks/pages/_app-30012bd681fab86f.js:713
[   63862ms] [WARNING] [Elastic APM] Failed sending events! AbortError: signal is aborted without reason
    at https://linkareer.com/_next/static/chunks/pages/_app-30012bd681fab86f.js:714:128643 @ https://linkareer.com/_next/static/chunks/pages/_app-30012bd681fab86f.js:713
[   70480ms] [WARNING] [Elastic APM] Failed sending events! AbortError: signal is aborted without reason
    at https://linkareer.com/_next/static/chunks/pages/_app-30012bd681fab86f.js:714:128643 @ https://linkareer.com/_next/static/chunks/pages/_app-30012bd681fab86f.js:713
[   77115ms] [WARNING] [Elastic APM] Failed sending events! AbortError: signal is aborted without reason
    at https://linkareer.com/_next/static/chunks/pages/_app-30012bd681fab86f.js:714:128643 @ https://linkareer.com/_next/static/chunks/pages/_app-30012bd681fab86f.js:713
[   78739ms] [WARNING] [Elastic APM] Failed sending events! AbortError: signal is aborted without reason
    at https://linkareer.com/_next/static/chunks/pages/_app-30012bd681fab86f.js:714:128643 @ https://linkareer.com/_next/static/chunks/pages/_app-30012bd681fab86f.js:713
[   83746ms] [WARNING] [Elastic APM] Failed sending events! AbortError: signal is aborted without reason
    at https://linkareer.com/_next/static/chunks/pages/_app-30012bd681fab86f.js:714:128643 @ https://linkareer.com/_next/static/chunks/pages/_app-30012bd681fab86f.js:713
[   90373ms] [WARNING] [Elastic APM] Failed sending events! AbortError: signal is aborted without reason
    at https://linkareer.com/_next/static/chunks/pages/_app-30012bd681fab86f.js:714:128643 @ https://linkareer.com/_next/static/chunks/pages/_app-30012bd681fab86f.js:713
[   97005ms] [WARNING] [Elastic APM] Failed sending events! AbortError: signal is aborted without reason
    at https://linkareer.com/_next/static/chunks/pages/_app-30012bd681fab86f.js:714:128643 @ https://linkareer.com/_next/static/chunks/pages/_app-30012bd681fab86f.js:713
[  103618ms] [WARNING] [Elastic APM] Failed sending events! AbortError: signal is aborted without reason
    at https://linkareer.com/_next/static/chunks/pages/_app-30012bd681fab86f.js:714:128643 @ https://linkareer.com/_next/static/chunks/pages/_app-30012bd681fab86f.js:713
[  110266ms] [WARNING] [Elastic APM] Failed sending events! AbortError: signal is aborted without reason
    at https://linkareer.com/_next/static/chunks/pages/_app-30012bd681fab86f.js:714:128643 @ https://linkareer.com/_next/static/chunks/pages/_app-30012bd681fab86f.js:713
[  116873ms] [WARNING] [Elastic APM] Failed sending events! AbortError: signal is aborted without reason
    at https://linkareer.com/_next/static/chunks/pages/_app-30012bd681fab86f.js:714:128643 @ https://linkareer.com/_next/static/chunks/pages/_app-30012bd681fab86f.js:713
[  123490ms] [WARNING] [Elastic APM] Failed sending events! AbortError: signal is aborted without reason
    at https://linkareer.com/_next/static/chunks/pages/_app-30012bd681fab86f.js:714:128643 @ https://linkareer.com/_next/static/chunks/pages/_app-30012bd681fab86f.js:713
[  130132ms] [WARNING] [Elastic APM] Failed sending events! AbortError: signal is aborted without reason
    at https://linkareer.com/_next/static/chunks/pages/_app-30012bd681fab86f.js:714:128643 @ https://linkareer.com/_next/static/chunks/pages/_app-30012bd681fab86f.js:713
[  136761ms] [WARNING] [Elastic APM] Failed sending events! AbortError: signal is aborted without reason
    at https://linkareer.com/_next/static/chunks/pages/_app-30012bd681fab86f.js:714:128643 @ https://linkareer.com/_next/static/chunks/pages/_app-30012bd681fab86f.js:713
[  141686ms] [WARNING] [Elastic APM] Failed sending events! AbortError: signal is aborted without reason
    at https://linkareer.com/_next/static/chunks/pages/_app-30012bd681fab86f.js:714:128643 @ https://linkareer.com/_next/static/chunks/pages/_app-30012bd681fab86f.js:713
[  146689ms] [WARNING] [Elastic APM] Failed sending events! AbortError: signal is aborted without reason
    at https://linkareer.com/_next/static/chunks/pages/_app-30012bd681fab86f.js:714:128643 @ https://linkareer.com/_next/static/chunks/pages/_app-30012bd681fab86f.js:713
[  153397ms] [WARNING] [Elastic APM] Failed sending events! AbortError: signal is aborted without reason
    at https://linkareer.com/_next/static/chunks/pages/_app-30012bd681fab86f.js:714:128643 @ https://linkareer.com/_next/static/chunks/pages/_app-30012bd681fab86f.js:713
[  159937ms] [WARNING] [Elastic APM] Failed sending events! AbortError: signal is aborted without reason
    at https://linkareer.com/_next/static/chunks/pages/_app-30012bd681fab86f.js:714:128643 @ https://linkareer.com/_next/static/chunks/pages/_app-30012bd681fab86f.js:713
[  162194ms] [WARNING] Mixed Content: The page at 'https://linkareer.com/profile' was loaded over HTTPS, but requested an insecure element 'http://k.kakaocdn.net/dn/cMWYhU/dJMb85I9q6G/uGA3MdKVG3Ve99lNKcLJo0/img_110x110.jpg'. This request was automatically upgraded to HTTPS, For more information see https://blog.chromium.org/2019/10/no-more-mixed-messages-about-https.html @ https://linkareer.com/profile:0
[  166581ms] [WARNING] [Elastic APM] Failed sending events! AbortError: signal is aborted without reason
    at https://linkareer.com/_next/static/chunks/pages/_app-30012bd681fab86f.js:714:128643 @ https://linkareer.com/_next/static/chunks/pages/_app-30012bd681fab86f.js:713
[  172542ms] [WARNING] [Elastic APM] Failed sending events! AbortError: signal is aborted without reason
    at https://linkareer.com/_next/static/chunks/pages/_app-30012bd681fab86f.js:714:128643 @ https://linkareer.com/_next/static/chunks/pages/_app-30012bd681fab86f.js:713
[  173072ms] [WARNING] [Elastic APM] Failed sending events! AbortError: signal is aborted without reason
    at https://linkareer.com/_next/static/chunks/pages/_app-30012bd681fab86f.js:714:128643 @ https://linkareer.com/_next/static/chunks/pages/_app-30012bd681fab86f.js:713
[  176182ms] [WARNING] [Elastic APM] Failed sending events! AbortError: signal is aborted without reason
    at https://linkareer.com/_next/static/chunks/pages/_app-30012bd681fab86f.js:714:128643 @ https://linkareer.com/_next/static/chunks/pages/_app-30012bd681fab86f.js:713
[  177136ms] [WARNING] [Elastic APM] Failed sending events! AbortError: signal is aborted without reason
    at https://linkareer.com/_next/static/chunks/pages/_app-30012bd681fab86f.js:714:128643 @ https://linkareer.com/_next/static/chunks/pages/_app-30012bd681fab86f.js:713
[  179582ms] [WARNING] [Elastic APM] Failed sending events! AbortError: signal is aborted without reason
    at https://linkareer.com/_next/static/chunks/pages/_app-30012bd681fab86f.js:714:128643 @ https://linkareer.com/_next/static/chunks/pages/_app-30012bd681fab86f.js:713
[  180408ms] [WARNING] [Elastic APM] Failed sending events! AbortError: signal is aborted without reason
    at https://linkareer.com/_next/static/chunks/pages/_app-30012bd681fab86f.js:714:128643 @ https://linkareer.com/_next/static/chunks/pages/_app-30012bd681fab86f.js:713
[  185434ms] [WARNING] [Elastic APM] Failed sending events! AbortError: signal is aborted without reason
    at https://linkareer.com/_next/static/chunks/pages/_app-30012bd681fab86f.js:714:128643 @ https://linkareer.com/_next/static/chunks/pages/_app-30012bd681fab86f.js:713
[  186993ms] [WARNING] [Elastic APM] Failed sending events! AbortError: signal is aborted without reason
    at https://linkareer.com/_next/static/chunks/pages/_app-30012bd681fab86f.js:714:128643 @ https://linkareer.com/_next/static/chunks/pages/_app-30012bd681fab86f.js:713
[  192006ms] [WARNING] [Elastic APM] Failed sending events! AbortError: signal is aborted without reason
    at https://linkareer.com/_next/static/chunks/pages/_app-30012bd681fab86f.js:714:128643 @ https://linkareer.com/_next/static/chunks/pages/_app-30012bd681fab86f.js:713
[  193176ms] [WARNING] Failed to execute 'postMessage' on 'DOMWindow': The target origin provided ('https://www.google.com') does not match the recipient window's origin ('https://linkareer.com'). @ https://www.googletagmanager.com/gtag/js?id=G-436RXZVJRJ&cx=c&gtm=4e63b1:914
[  193176ms] [WARNING] Failed to execute 'postMessage' on 'DOMWindow': The target origin provided ('https://www.youtube.com') does not match the recipient window's origin ('https://linkareer.com'). @ https://www.googletagmanager.com/gtag/js?id=G-436RXZVJRJ&cx=c&gtm=4e63b1:914
[  193176ms] [WARNING] Failed to execute 'postMessage' on 'DOMWindow': The target origin provided ('https://m.youtube.com') does not match the recipient window's origin ('https://linkareer.com'). @ https://www.googletagmanager.com/gtag/js?id=G-436RXZVJRJ&cx=c&gtm=4e63b1:914
[  193209ms] [WARNING] Failed to execute 'postMessage' on 'DOMWindow': The target origin provided ('https://www.google.com') does not match the recipient window's origin ('https://linkareer.com'). @ https://www.googletagmanager.com/gtag/js?id=G-436RXZVJRJ&cx=c&gtm=4e63b1:914
[  193209ms] [WARNING] Failed to execute 'postMessage' on 'DOMWindow': The target origin provided ('https://www.youtube.com') does not match the recipient window's origin ('https://linkareer.com'). @ https://www.googletagmanager.com/gtag/js?id=G-436RXZVJRJ&cx=c&gtm=4e63b1:914
[  193209ms] [WARNING] Failed to execute 'postMessage' on 'DOMWindow': The target origin provided ('https://m.youtube.com') does not match the recipient window's origin ('https://linkareer.com'). @ https://www.googletagmanager.com/gtag/js?id=G-436RXZVJRJ&cx=c&gtm=4e63b1:914
[  193566ms] [WARNING] Failed to execute 'postMessage' on 'DOMWindow': The target origin provided ('https://www.google.com') does not match the recipient window's origin ('https://linkareer.com'). @ https://www.googletagmanager.com/gtag/js?id=G-436RXZVJRJ&cx=c&gtm=4e63b1:914
[  193566ms] [WARNING] Failed to execute 'postMessage' on 'DOMWindow': The target origin provided ('https://www.youtube.com') does not match the recipient window's origin ('https://linkareer.com'). @ https://www.googletagmanager.com/gtag/js?id=G-436RXZVJRJ&cx=c&gtm=4e63b1:914
[  193566ms] [WARNING] Failed to execute 'postMessage' on 'DOMWindow': The target origin provided ('https://m.youtube.com') does not match the recipient window's origin ('https://linkareer.com'). @ https://www.googletagmanager.com/gtag/js?id=G-436RXZVJRJ&cx=c&gtm=4e63b1:914
[  193974ms] [WARNING] [Elastic APM] Failed sending events! AbortError: signal is aborted without reason
    at https://linkareer.com/_next/static/chunks/pages/_app-30012bd681fab86f.js:714:128643 @ https://linkareer.com/_next/static/chunks/pages/_app-30012bd681fab86f.js:713
[  199330ms] [WARNING] [Elastic APM] Failed sending events! AbortError: signal is aborted without reason
    at https://linkareer.com/_next/static/chunks/pages/_app-30012bd681fab86f.js:714:128643 @ https://linkareer.com/_next/static/chunks/pages/_app-30012bd681fab86f.js:713
[  201169ms] [WARNING] [Elastic APM] Failed sending events! AbortError: signal is aborted without reason
    at https://linkareer.com/_next/static/chunks/pages/_app-30012bd681fab86f.js:714:128643 @ https://linkareer.com/_next/static/chunks/pages/_app-30012bd681fab86f.js:713
[  202773ms] [WARNING] [Elastic APM] Failed sending events! AbortError: signal is aborted without reason
    at https://linkareer.com/_next/static/chunks/pages/_app-30012bd681fab86f.js:714:128643 @ https://linkareer.com/_next/static/chunks/pages/_app-30012bd681fab86f.js:713
[  203613ms] [WARNING] [Elastic APM] Failed sending events! AbortError: signal is aborted without reason
    at https://linkareer.com/_next/static/chunks/pages/_app-30012bd681fab86f.js:714:128643 @ https://linkareer.com/_next/static/chunks/pages/_app-30012bd681fab86f.js:713
[  217515ms] [WARNING] [Elastic APM] Failed sending events! AbortError: signal is aborted without reason
    at https://linkareer.com/_next/static/chunks/pages/_app-30012bd681fab86f.js:714:128643 @ https://linkareer.com/_next/static/chunks/pages/_app-30012bd681fab86f.js:713
[  218042ms] [WARNING] [Elastic APM] Failed sending events! AbortError: signal is aborted without reason
    at https://linkareer.com/_next/static/chunks/pages/_app-30012bd681fab86f.js:714:128643 @ https://linkareer.com/_next/static/chunks/pages/_app-30012bd681fab86f.js:713
[  221121ms] [WARNING] [Elastic APM] Failed sending events! AbortError: signal is aborted without reason
    at https://linkareer.com/_next/static/chunks/pages/_app-30012bd681fab86f.js:714:128643 @ https://linkareer.com/_next/static/chunks/pages/_app-30012bd681fab86f.js:713
[  221842ms] [WARNING] [Elastic APM] Failed sending events! AbortError: signal is aborted without reason
    at https://linkareer.com/_next/static/chunks/pages/_app-30012bd681fab86f.js:714:128643 @ https://linkareer.com/_next/static/chunks/pages/_app-30012bd681fab86f.js:713
[  223819ms] [WARNING] [Elastic APM] Failed sending events! AbortError: signal is aborted without reason
    at https://linkareer.com/_next/static/chunks/pages/_app-30012bd681fab86f.js:714:128643 @ https://linkareer.com/_next/static/chunks/pages/_app-30012bd681fab86f.js:713
[  226848ms] [WARNING] [Elastic APM] Failed sending events! AbortError: signal is aborted without reason
    at https://linkareer.com/_next/static/chunks/pages/_app-30012bd681fab86f.js:714:128643 @ https://linkareer.com/_next/static/chunks/pages/_app-30012bd681fab86f.js:713
