[     180ms] [ERROR] Failed to load resource: the server responded with a status of 404 (Not Found) @ http://localhost:3000/icon-192.png:0
[     182ms] [WARNING] Error while trying to use the following icon from the Manifest: http://localhost:3000/icon-192.png (Download error or resource isn't a valid image) @ http://localhost:3000/jobs/995:0
[   48182ms] ReferenceError: convertTabsToTable is not defined
    at DescriptionSections (http://localhost:3000/_next/static/chunks/src_b551509c._.js?id=%255Bproject%255D%252Fsrc%252Fapp%252Fjobs%252F%255Bid%255D%252Fpage.tsx+%255Bapp-client%255D+%2528ecmascript%2529:757:27)
    at Object.react_stack_bottom_frame (http://localhost:3000/_next/static/chunks/b2b3e_next_dist_compiled_react-dom_d19f9ff6._.js:14826:24)
    at renderWithHooks (http://localhost:3000/_next/static/chunks/b2b3e_next_dist_compiled_react-dom_d19f9ff6._.js:4651:24)
    at updateFunctionComponent (http://localhost:3000/_next/static/chunks/b2b3e_next_dist_compiled_react-dom_d19f9ff6._.js:6112:21)
    at beginWork (http://localhost:3000/_next/static/chunks/b2b3e_next_dist_compiled_react-dom_d19f9ff6._.js:6708:24)
    at runWithFiberInDEV (http://localhost:3000/_next/static/chunks/b2b3e_next_dist_compiled_react-dom_d19f9ff6._.js:965:74)
    at performUnitOfWork (http://localhost:3000/_next/static/chunks/b2b3e_next_dist_compiled_react-dom_d19f9ff6._.js:9562:97)
    at workLoopSync (http://localhost:3000/_next/static/chunks/b2b3e_next_dist_compiled_react-dom_d19f9ff6._.js:9456:40)
    at renderRootSync (http://localhost:3000/_next/static/chunks/b2b3e_next_dist_compiled_react-dom_d19f9ff6._.js:9440:13)
    at performWorkOnRoot (http://localhost:3000/_next/static/chunks/b2b3e_next_dist_compiled_react-dom_d19f9ff6._.js:9105:47)
    at performSyncWorkOnRoot (http://localhost:3000/_next/static/chunks/b2b3e_next_dist_compiled_react-dom_d19f9ff6._.js:10238:9)
    at flushSyncWorkAcrossRoots_impl (http://localhost:3000/_next/static/chunks/b2b3e_next_dist_compiled_react-dom_d19f9ff6._.js:10154:316)
    at flushSyncWork$1 (http://localhost:3000/_next/static/chunks/b2b3e_next_dist_compiled_react-dom_d19f9ff6._.js:9237:86)
    at Object.scheduleRefresh (http://localhost:3000/_next/static/chunks/b2b3e_next_dist_compiled_react-dom_d19f9ff6._.js:299:13)
    at http://localhost:3000/_next/static/chunks/b2b3e_next_dist_compiled_a8f11176._.js:391:33
    at Set.forEach (<anonymous>)
    at Object.performReactRefresh (http://localhost:3000/_next/static/chunks/b2b3e_next_dist_compiled_a8f11176._.js:384:38)
    at applyUpdate (http://localhost:3000/_next/static/chunks/b2b3e_next_dist_compiled_a8f11176._.js:878:31)
    at http://localhost:3000/_next/static/chunks/b2b3e_next_dist_compiled_a8f11176._.js:886:13
[   54863ms] [WARNING] [Fast Refresh] performing full reload because your application had an unrecoverable error @ http://localhost:3000/_next/static/chunks/b2b3e_next_dist_77a734fe._.js:2297
[   54905ms] ReferenceError: processedDesc is not defined
    at DescriptionSections (http://localhost:3000/_next/static/chunks/src_b551509c._.js?id=%255Bproject%255D%252Fsrc%252Fapp%252Fjobs%252F%255Bid%255D%252Fpage.tsx+%255Bapp-client%255D+%2528ecmascript%2529:785:19)
    at Object.react_stack_bottom_frame (http://localhost:3000/_next/static/chunks/b2b3e_next_dist_compiled_react-dom_d19f9ff6._.js:14826:24)
    at renderWithHooks (http://localhost:3000/_next/static/chunks/b2b3e_next_dist_compiled_react-dom_d19f9ff6._.js:4651:24)
    at updateFunctionComponent (http://localhost:3000/_next/static/chunks/b2b3e_next_dist_compiled_react-dom_d19f9ff6._.js:6112:21)
    at beginWork (http://localhost:3000/_next/static/chunks/b2b3e_next_dist_compiled_react-dom_d19f9ff6._.js:6708:24)
    at runWithFiberInDEV (http://localhost:3000/_next/static/chunks/b2b3e_next_dist_compiled_react-dom_d19f9ff6._.js:965:74)
    at performUnitOfWork (http://localhost:3000/_next/static/chunks/b2b3e_next_dist_compiled_react-dom_d19f9ff6._.js:9562:97)
    at workLoopSync (http://localhost:3000/_next/static/chunks/b2b3e_next_dist_compiled_react-dom_d19f9ff6._.js:9456:40)
    at renderRootSync (http://localhost:3000/_next/static/chunks/b2b3e_next_dist_compiled_react-dom_d19f9ff6._.js:9440:13)
    at performWorkOnRoot (http://localhost:3000/_next/static/chunks/b2b3e_next_dist_compiled_react-dom_d19f9ff6._.js:9105:47)
    at performWorkOnRootViaSchedulerTask (http://localhost:3000/_next/static/chunks/b2b3e_next_dist_compiled_react-dom_d19f9ff6._.js:10230:9)
    at MessagePort.performWorkUntilDeadline (http://localhost:3000/_next/static/chunks/b2b3e_next_dist_compiled_a8f11176._.js:2647:64)
[   55246ms] ReferenceError: processedDesc is not defined
    at DescriptionSections (http://localhost:3000/_next/static/chunks/src_b551509c._.js:1630:19)
    at Object.react_stack_bottom_frame (http://localhost:3000/_next/static/chunks/b2b3e_next_dist_compiled_react-dom_d19f9ff6._.js:14826:24)
    at renderWithHooks (http://localhost:3000/_next/static/chunks/b2b3e_next_dist_compiled_react-dom_d19f9ff6._.js:4651:24)
    at updateFunctionComponent (http://localhost:3000/_next/static/chunks/b2b3e_next_dist_compiled_react-dom_d19f9ff6._.js:6112:21)
    at beginWork (http://localhost:3000/_next/static/chunks/b2b3e_next_dist_compiled_react-dom_d19f9ff6._.js:6708:24)
    at runWithFiberInDEV (http://localhost:3000/_next/static/chunks/b2b3e_next_dist_compiled_react-dom_d19f9ff6._.js:965:74)
    at performUnitOfWork (http://localhost:3000/_next/static/chunks/b2b3e_next_dist_compiled_react-dom_d19f9ff6._.js:9562:97)
    at workLoopSync (http://localhost:3000/_next/static/chunks/b2b3e_next_dist_compiled_react-dom_d19f9ff6._.js:9456:40)
    at renderRootSync (http://localhost:3000/_next/static/chunks/b2b3e_next_dist_compiled_react-dom_d19f9ff6._.js:9440:13)
    at performWorkOnRoot (http://localhost:3000/_next/static/chunks/b2b3e_next_dist_compiled_react-dom_d19f9ff6._.js:9105:47)
    at performWorkOnRootViaSchedulerTask (http://localhost:3000/_next/static/chunks/b2b3e_next_dist_compiled_react-dom_d19f9ff6._.js:10230:9)
    at MessagePort.performWorkUntilDeadline (http://localhost:3000/_next/static/chunks/b2b3e_next_dist_compiled_a8f11176._.js:2647:64)
[   60525ms] [WARNING] [Fast Refresh] performing full reload because your application had an unrecoverable error @ http://localhost:3000/_next/static/chunks/b2b3e_next_dist_77a734fe._.js:2297
[   60862ms] [ERROR] Failed to load resource: the server responded with a status of 404 (Not Found) @ http://localhost:3000/icon-192.png:0
[   60864ms] [WARNING] Error while trying to use the following icon from the Manifest: http://localhost:3000/icon-192.png (Download error or resource isn't a valid image) @ http://localhost:3000/jobs/995:0
[   73756ms] ReferenceError: ContentRenderer is not defined
    at eval (http://localhost:3000/_next/static/chunks/src_b551509c._.js?id=%255Bproject%255D%252Fsrc%252Fapp%252Fjobs%252F%255Bid%255D%252Fpage.tsx+%255Bapp-client%255D+%2528ecmascript%2529:870:389)
    at Array.map (<anonymous>)
    at DescriptionSections (http://localhost:3000/_next/static/chunks/src_b551509c._.js?id=%255Bproject%255D%252Fsrc%252Fapp%252Fjobs%252F%255Bid%255D%252Fpage.tsx+%255Bapp-client%255D+%2528ecmascript%2529:853:32)
    at Object.react_stack_bottom_frame (http://localhost:3000/_next/static/chunks/b2b3e_next_dist_compiled_react-dom_d19f9ff6._.js:14826:24)
    at renderWithHooks (http://localhost:3000/_next/static/chunks/b2b3e_next_dist_compiled_react-dom_d19f9ff6._.js:4651:24)
    at updateFunctionComponent (http://localhost:3000/_next/static/chunks/b2b3e_next_dist_compiled_react-dom_d19f9ff6._.js:6112:21)
    at beginWork (http://localhost:3000/_next/static/chunks/b2b3e_next_dist_compiled_react-dom_d19f9ff6._.js:6708:24)
    at runWithFiberInDEV (http://localhost:3000/_next/static/chunks/b2b3e_next_dist_compiled_react-dom_d19f9ff6._.js:965:74)
    at performUnitOfWork (http://localhost:3000/_next/static/chunks/b2b3e_next_dist_compiled_react-dom_d19f9ff6._.js:9562:97)
    at workLoopSync (http://localhost:3000/_next/static/chunks/b2b3e_next_dist_compiled_react-dom_d19f9ff6._.js:9456:40)
    at renderRootSync (http://localhost:3000/_next/static/chunks/b2b3e_next_dist_compiled_react-dom_d19f9ff6._.js:9440:13)
    at performWorkOnRoot (http://localhost:3000/_next/static/chunks/b2b3e_next_dist_compiled_react-dom_d19f9ff6._.js:9105:47)
    at performSyncWorkOnRoot (http://localhost:3000/_next/static/chunks/b2b3e_next_dist_compiled_react-dom_d19f9ff6._.js:10238:9)
    at flushSyncWorkAcrossRoots_impl (http://localhost:3000/_next/static/chunks/b2b3e_next_dist_compiled_react-dom_d19f9ff6._.js:10154:316)
    at flushSyncWork$1 (http://localhost:3000/_next/static/chunks/b2b3e_next_dist_compiled_react-dom_d19f9ff6._.js:9237:86)
    at Object.scheduleRefresh (http://localhost:3000/_next/static/chunks/b2b3e_next_dist_compiled_react-dom_d19f9ff6._.js:299:13)
    at http://localhost:3000/_next/static/chunks/b2b3e_next_dist_compiled_a8f11176._.js:391:33
    at Set.forEach (<anonymous>)
    at Object.performReactRefresh (http://localhost:3000/_next/static/chunks/b2b3e_next_dist_compiled_a8f11176._.js:384:38)
    at applyUpdate (http://localhost:3000/_next/static/chunks/b2b3e_next_dist_compiled_a8f11176._.js:878:31)
    at http://localhost:3000/_next/static/chunks/b2b3e_next_dist_compiled_a8f11176._.js:886:13
[   85625ms] [WARNING] [Fast Refresh] performing full reload because your application had an unrecoverable error @ http://localhost:3000/_next/static/chunks/b2b3e_next_dist_77a734fe._.js:2297
[   85883ms] [WARNING] Error while trying to use the following icon from the Manifest: http://localhost:3000/icon-192.png (Download error or resource isn't a valid image) @ http://localhost:3000/jobs/995:0
[   86054ms] [ERROR] Failed to load resource: the server responded with a status of 404 (Not Found) @ http://localhost:3000/icon-192.png:0
[   86057ms] [WARNING] Error while trying to use the following icon from the Manifest: http://localhost:3000/icon-192.png (Download error or resource isn't a valid image) @ http://localhost:3000/jobs/995:0
