[     427ms] [ERROR] Failed to load resource: the server responded with a status of 404 (Not Found) @ http://localhost:3000/icon-192.png:0
[     430ms] [WARNING] Error while trying to use the following icon from the Manifest: http://localhost:3000/icon-192.png (Download error or resource isn't a valid image) @ http://localhost:3000/jobs/3722:0
[12417260ms] [ERROR] WebSocket connection to 'ws://localhost:3000/_next/webpack-hmr?id=KdUUFhJxkhFiWTTuTy4nx' failed:  @ http://localhost:3000/_next/static/chunks/b2b3e_next_dist_client_121ab40e._.js:10878
[13585334ms] [ERROR] WebSocket connection to 'ws://localhost:3000/_next/webpack-hmr?id=KdUUFhJxkhFiWTTuTy4nx' failed:  @ http://localhost:3000/_next/static/chunks/b2b3e_next_dist_client_121ab40e._.js:10878
[16496365ms] [ERROR] WebSocket connection to 'ws://localhost:3000/_next/webpack-hmr?id=KdUUFhJxkhFiWTTuTy4nx' failed:  @ http://localhost:3000/_next/static/chunks/b2b3e_next_dist_client_121ab40e._.js:10878
[19064885ms] [ERROR] WebSocket connection to 'ws://localhost:3000/_next/webpack-hmr?id=KdUUFhJxkhFiWTTuTy4nx' failed:  @ http://localhost:3000/_next/static/chunks/b2b3e_next_dist_client_121ab40e._.js:10878
[22120996ms] [ERROR] WebSocket connection to 'ws://localhost:3000/_next/webpack-hmr?id=KdUUFhJxkhFiWTTuTy4nx' failed:  @ http://localhost:3000/_next/static/chunks/b2b3e_next_dist_client_121ab40e._.js:10878
[25356666ms] [ERROR] ./src/app/applications/[id]/preview/page.tsx:33:29
Module not found: Can't resolve 'html2pdf.js'
  31 |
  32 | async function downloadPdf(text: string, filename: string, title: string) {
> 33 |     const html2pdf = (await import("html2pdf.js")).default;
     |                             ^^^^^^^^^^^^^^^^^^^^^
  34 |
  35 |     // 격리된 iframe에서 렌더링 (Tailwind lab() 색상 파싱 에러 방지)
  36 |     const iframe = document.createElement("iframe");

Import traces:
  Client Component Browser:
    ./src/app/applications/[id]/preview/page.tsx [Client Component Browser]
    ./src/app/applications/[id]/preview/page.tsx [Server Component]

  Client Component SSR:
    ./src/app/applications/[id]/preview/page.tsx [Client Component SSR]
    ./src/app/applications/[id]/preview/page.tsx [Server Component]

https://nextjs.org/docs/messages/module-not-found @ http://localhost:3000/_next/static/chunks/b2b3e_next_dist_77a734fe._.js:3127
[25356740ms] [ERROR] ./src/app/applications/[id]/preview/page.tsx:33:29
Module not found: Can't resolve 'html2pdf.js'
  31 |
  32 | async function downloadPdf(text: string, filename: string, title: string) {
> 33 |     const html2pdf = (await import("html2pdf.js")).default;
     |                             ^^^^^^^^^^^^^^^^^^^^^
  34 |
  35 |     // 격리된 iframe에서 렌더링 (Tailwind lab() 색상 파싱 에러 방지)
  36 |     const iframe = document.createElement("iframe");

Import traces:
  Client Component Browser:
    ./src/app/applications/[id]/preview/page.tsx [Client Component Browser]
    ./src/app/applications/[id]/preview/page.tsx [Server Component]

  Client Component SSR:
    ./src/app/applications/[id]/preview/page.tsx [Client Component SSR]
    ./src/app/applications/[id]/preview/page.tsx [Server Component]

https://nextjs.org/docs/messages/module-not-found @ http://localhost:3000/_next/static/chunks/b2b3e_next_dist_77a734fe._.js:3127
[25356963ms] [ERROR] ./src/app/applications/[id]/preview/page.tsx:33:29
Module not found: Can't resolve 'html2pdf.js'
  31 |
  32 | async function downloadPdf(text: string, filename: string, title: string) {
> 33 |     const html2pdf = (await import("html2pdf.js")).default;
     |                             ^^^^^^^^^^^^^^^^^^^^^
  34 |
  35 |     // 격리된 iframe에서 렌더링 (Tailwind lab() 색상 파싱 에러 방지)
  36 |     const iframe = document.createElement("iframe");

Import traces:
  Client Component Browser:
    ./src/app/applications/[id]/preview/page.tsx [Client Component Browser]
    ./src/app/applications/[id]/preview/page.tsx [Server Component]

  Client Component SSR:
    ./src/app/applications/[id]/preview/page.tsx [Client Component SSR]
    ./src/app/applications/[id]/preview/page.tsx [Server Component]

https://nextjs.org/docs/messages/module-not-found @ http://localhost:3000/_next/static/chunks/b2b3e_next_dist_77a734fe._.js:3127
[25358898ms] [ERROR] ./src/app/applications/[id]/preview/page.tsx:33:29
Module not found: Can't resolve 'html2pdf.js'
  31 |
  32 | async function downloadPdf(text: string, filename: string, title: string) {
> 33 |     const html2pdf = (await import("html2pdf.js")).default;
     |                             ^^^^^^^^^^^^^^^^^^^^^
  34 |
  35 |     // 격리된 iframe에서 렌더링 (Tailwind lab() 색상 파싱 에러 방지)
  36 |     const iframe = document.createElement("iframe");

Import traces:
  Client Component Browser:
    ./src/app/applications/[id]/preview/page.tsx [Client Component Browser]
    ./src/app/applications/[id]/preview/page.tsx [Server Component]

  Client Component SSR:
    ./src/app/applications/[id]/preview/page.tsx [Client Component SSR]
    ./src/app/applications/[id]/preview/page.tsx [Server Component]

https://nextjs.org/docs/messages/module-not-found @ http://localhost:3000/_next/static/chunks/b2b3e_next_dist_77a734fe._.js:3127
[25358939ms] [ERROR] ./src/app/applications/[id]/preview/page.tsx:33:29
Module not found: Can't resolve 'html2pdf.js'
  31 |
  32 | async function downloadPdf(text: string, filename: string, title: string) {
> 33 |     const html2pdf = (await import("html2pdf.js")).default;
     |                             ^^^^^^^^^^^^^^^^^^^^^
  34 |
  35 |     // 격리된 iframe에서 렌더링 (Tailwind lab() 색상 파싱 에러 방지)
  36 |     const iframe = document.createElement("iframe");

Import traces:
  Client Component Browser:
    ./src/app/applications/[id]/preview/page.tsx [Client Component Browser]
    ./src/app/applications/[id]/preview/page.tsx [Server Component]

  Client Component SSR:
    ./src/app/applications/[id]/preview/page.tsx [Client Component SSR]
    ./src/app/applications/[id]/preview/page.tsx [Server Component]

https://nextjs.org/docs/messages/module-not-found @ http://localhost:3000/_next/static/chunks/b2b3e_next_dist_77a734fe._.js:3127
[25358982ms] [ERROR] ./src/app/applications/[id]/preview/page.tsx:33:29
Module not found: Can't resolve 'html2pdf.js'
  31 |
  32 | async function downloadPdf(text: string, filename: string, title: string) {
> 33 |     const html2pdf = (await import("html2pdf.js")).default;
     |                             ^^^^^^^^^^^^^^^^^^^^^
  34 |
  35 |     // 격리된 iframe에서 렌더링 (Tailwind lab() 색상 파싱 에러 방지)
  36 |     const iframe = document.createElement("iframe");

Import traces:
  Client Component Browser:
    ./src/app/applications/[id]/preview/page.tsx [Client Component Browser]
    ./src/app/applications/[id]/preview/page.tsx [Server Component]

  Client Component SSR:
    ./src/app/applications/[id]/preview/page.tsx [Client Component SSR]
    ./src/app/applications/[id]/preview/page.tsx [Server Component]

https://nextjs.org/docs/messages/module-not-found @ http://localhost:3000/_next/static/chunks/b2b3e_next_dist_77a734fe._.js:3127
[25444188ms] [ERROR] ./src/app/applications/[id]/preview/page.tsx:33:29
Module not found: Can't resolve 'jspdf'
  31 |
  32 | async function downloadPdf(text: string, filename: string, title: string) {
> 33 |     const { jsPDF } = await import("jspdf");
     |                             ^^^^^^^^^^^^^^^
  34 |     const pdf = new jsPDF({ unit: "mm", format: "a4" });
  35 |
  36 |     const pageWidth = 210;

Import traces:
  Client Component Browser:
    ./src/app/applications/[id]/preview/page.tsx [Client Component Browser]
    ./src/app/applications/[id]/preview/page.tsx [Server Component]

  Client Component SSR:
    ./src/app/applications/[id]/preview/page.tsx [Client Component SSR]
    ./src/app/applications/[id]/preview/page.tsx [Server Component]

https://nextjs.org/docs/messages/module-not-found @ http://localhost:3000/_next/static/chunks/b2b3e_next_dist_77a734fe._.js:3127
[25444227ms] [ERROR] ./src/app/applications/[id]/preview/page.tsx:33:29
Module not found: Can't resolve 'jspdf'
  31 |
  32 | async function downloadPdf(text: string, filename: string, title: string) {
> 33 |     const { jsPDF } = await import("jspdf");
     |                             ^^^^^^^^^^^^^^^
  34 |     const pdf = new jsPDF({ unit: "mm", format: "a4" });
  35 |
  36 |     const pageWidth = 210;

Import traces:
  Client Component Browser:
    ./src/app/applications/[id]/preview/page.tsx [Client Component Browser]
    ./src/app/applications/[id]/preview/page.tsx [Server Component]

  Client Component SSR:
    ./src/app/applications/[id]/preview/page.tsx [Client Component SSR]
    ./src/app/applications/[id]/preview/page.tsx [Server Component]

https://nextjs.org/docs/messages/module-not-found @ http://localhost:3000/_next/static/chunks/b2b3e_next_dist_77a734fe._.js:3127
[26257707ms] [ERROR] Failed to load resource: net::ERR_CONNECTION_REFUSED @ http://localhost:8080/api/v1/jobs/3707:0
[26257708ms] [ERROR] TypeError: Failed to fetch
    at api (http://localhost:3000/_next/static/chunks/src_a35162c3._.js:45:23)
    at Object.get (http://localhost:3000/_next/static/chunks/src_a35162c3._.js:135:16)
    at JobDetailPage.useEffect (http://localhost:3000/_next/static/chunks/src_51e51f02._.js?id=%255Bproject%255D%252Fsrc%252Fapp%252Fjobs%252F%255Bid%255D%252Fpage.tsx+%255Bapp-client%255D+%2528ecmascript%2529:76:141)
    at Object.react_stack_bottom_frame (http://localhost:3000/_next/static/chunks/b2b3e_next_dist_compiled_react-dom_d19f9ff6._.js:14876:22)
    at runWithFiberInDEV (http://localhost:3000/_next/static/chunks/b2b3e_next_dist_compiled_react-dom_d19f9ff6._.js:965:74)
    at commitHookEffectListMount (http://localhost:3000/_next/static/chunks/b2b3e_next_dist_compiled_react-dom_d19f9ff6._.js:7266:167)
    at commitHookPassiveMountEffects (http://localhost:3000/_next/static/chunks/b2b3e_next_dist_compiled_react-dom_d19f9ff6._.js:7301:60)
    at commitPassiveMountOnFiber (http://localhost:3000/_next/static/chunks/b2b3e_next_dist_compiled_react-dom_d19f9ff6._.js:8696:33)
    at recursivelyTraversePassiveMountEffects (http://localhost:3000/_next/static/chunks/b2b3e_next_dist_compiled_react-dom_d19f9ff6._.js:8683:316)
    at commitPassiveMountOnFiber (http://localhost:3000/_next/static/chunks/b2b3e_next_dist_compiled_react-dom_d19f9ff6._.js:8695:17)
    at recursivelyTraversePassiveMountEffects (http://localhost:3000/_next/static/chunks/b2b3e_next_dist_compiled_react-dom_d19f9ff6._.js:8683:316)
    at commitPassiveMountOnFiber (http://localhost:3000/_next/static/chunks/b2b3e_next_dist_compiled_react-dom_d19f9ff6._.js:8695:17)
    at recursivelyTraversePassiveMountEffects (http://localhost:3000/_next/static/chunks/b2b3e_next_dist_compiled_react-dom_d19f9ff6._.js:8683:316)
    at commitPassiveMountOnFiber (http://localhost:3000/_next/static/chunks/b2b3e_next_dist_compiled_react-dom_d19f9ff6._.js:8757:17)
    at recursivelyTraversePassiveMountEffects (http://localhost:3000/_next/static/chunks/b2b3e_next_dist_compiled_react-dom_d19f9ff6._.js:8683:316)
    at commitPassiveMountOnFiber (http://localhost:3000/_next/static/chunks/b2b3e_next_dist_compiled_react-dom_d19f9ff6._.js:8757:17)
    at recursivelyTraversePassiveMountEffects (http://localhost:3000/_next/static/chunks/b2b3e_next_dist_compiled_react-dom_d19f9ff6._.js:8683:316)
    at commitPassiveMountOnFiber (http://localhost:3000/_next/static/chunks/b2b3e_next_dist_compiled_react-dom_d19f9ff6._.js:8695:17)
    at recursivelyTraversePassiveMountEffects (http://localhost:3000/_next/static/chunks/b2b3e_next_dist_compiled_react-dom_d19f9ff6._.js:8683:316)
    at commitPassiveMountOnFiber (http://localhost:3000/_next/static/chunks/b2b3e_next_dist_compiled_react-dom_d19f9ff6._.js:8700:17)
    at recursivelyTraversePassiveMountEffects (http://localhost:3000/_next/static/chunks/b2b3e_next_dist_compiled_react-dom_d19f9ff6._.js:8683:316)
    at commitPassiveMountOnFiber (http://localhost:3000/_next/static/chunks/b2b3e_next_dist_compiled_react-dom_d19f9ff6._.js:8695:17)
    at recursivelyTraversePassiveMountEffects (http://localhost:3000/_next/static/chunks/b2b3e_next_dist_compiled_react-dom_d19f9ff6._.js:8683:316)
    at commitPassiveMountOnFiber (http://localhost:3000/_next/static/chunks/b2b3e_next_dist_compiled_react-dom_d19f9ff6._.js:8695:17)
    at recursivelyTraversePassiveMountEffects (http://localhost:3000/_next/static/chunks/b2b3e_next_dist_compiled_react-dom_d19f9ff6._.js:8683:316)
    at commitPassiveMountOnFiber (http://localhost:3000/_next/static/chunks/b2b3e_next_dist_compiled_react-dom_d19f9ff6._.js:8695:17)
    at recursivelyTraversePassiveMountEffects (http://localhost:3000/_next/static/chunks/b2b3e_next_dist_compiled_react-dom_d19f9ff6._.js:8683:316)
    at commitPassiveMountOnFiber (http://localhost:3000/_next/static/chunks/b2b3e_next_dist_compiled_react-dom_d19f9ff6._.js:8695:17)
    at recursivelyTraversePassiveMountEffects (http://localhost:3000/_next/static/chunks/b2b3e_next_dist_compiled_react-dom_d19f9ff6._.js:8683:316)
    at commitPassiveMountOnFiber (http://localhost:3000/_next/static/chunks/b2b3e_next_dist_compiled_react-dom_d19f9ff6._.js:8700:17)
    at recursivelyTraversePassiveMountEffects (http://localhost:3000/_next/static/chunks/b2b3e_next_dist_compiled_react-dom_d19f9ff6._.js:8683:316)
    at commitPassiveMountOnFiber (http://localhost:3000/_next/static/chunks/b2b3e_next_dist_compiled_react-dom_d19f9ff6._.js:8695:17)
    at recursivelyTraversePassiveMountEffects (http://localhost:3000/_next/static/chunks/b2b3e_next_dist_compiled_react-dom_d19f9ff6._.js:8683:316)
    at commitPassiveMountOnFiber (http://localhost:3000/_next/static/chunks/b2b3e_next_dist_compiled_react-dom_d19f9ff6._.js:8695:17)
    at recursivelyTraversePassiveMountEffects (http://localhost:3000/_next/static/chunks/b2b3e_next_dist_compiled_react-dom_d19f9ff6._.js:8683:316)
    at commitPassiveMountOnFiber (http://localhost:3000/_next/static/chunks/b2b3e_next_dist_compiled_react-dom_d19f9ff6._.js:8757:17)
    at recursivelyTraversePassiveMountEffects (http://localhost:3000/_next/static/chunks/b2b3e_next_dist_compiled_react-dom_d19f9ff6._.js:8683:316)
    at commitPassiveMountOnFiber (http://localhost:3000/_next/static/chunks/b2b3e_next_dist_compiled_react-dom_d19f9ff6._.js:8757:17)
    at recursivelyTraversePassiveMountEffects (http://localhost:3000/_next/static/chunks/b2b3e_next_dist_compiled_react-dom_d19f9ff6._.js:8683:316)
    at commitPassiveMountOnFiber (http://localhost:3000/_next/static/chunks/b2b3e_next_dist_compiled_react-dom_d19f9ff6._.js:8695:17)
    at recursivelyTraversePassiveMountEffects (http://localhost:3000/_next/static/chunks/b2b3e_next_dist_compiled_react-dom_d19f9ff6._.js:8683:316)
    at commitPassiveMountOnFiber (http://localhost:3000/_next/static/chunks/b2b3e_next_dist_compiled_react-dom_d19f9ff6._.js:8695:17)
    at recursivelyTraversePassiveMountEffects (http://localhost:3000/_next/static/chunks/b2b3e_next_dist_compiled_react-dom_d19f9ff6._.js:8683:316)
    at commitPassiveMountOnFiber (http://localhost:3000/_next/static/chunks/b2b3e_next_dist_compiled_react-dom_d19f9ff6._.js:8757:17)
    at recursivelyTraversePassiveMountEffects (http://localhost:3000/_next/static/chunks/b2b3e_next_dist_compiled_react-dom_d19f9ff6._.js:8683:316)
    at commitPassiveMountOnFiber (http://localhost:3000/_next/static/chunks/b2b3e_next_dist_compiled_react-dom_d19f9ff6._.js:8757:17)
    at recursivelyTraversePassiveMountEffects (http://localhost:3000/_next/static/chunks/b2b3e_next_dist_compiled_react-dom_d19f9ff6._.js:8683:316)
    at commitPassiveMountOnFiber (http://localhost:3000/_next/static/chunks/b2b3e_next_dist_compiled_react-dom_d19f9ff6._.js:8757:17)
    at recursivelyTraversePassiveMountEffects (http://localhost:3000/_next/static/chunks/b2b3e_next_dist_compiled_react-dom_d19f9ff6._.js:8683:316)
    at commitPassiveMountOnFiber (http://localhost:3000/_next/static/chunks/b2b3e_next_dist_compiled_react-dom_d19f9ff6._.js:8695:17) @ http://localhost:3000/_next/static/chunks/b2b3e_next_dist_77a734fe._.js:3127
[26257711ms] [ERROR] Failed to load resource: net::ERR_CONNECTION_REFUSED @ http://localhost:8080/api/v1/ai/results/3707:0
[26257711ms] [ERROR] Failed to load resource: net::ERR_CONNECTION_REFUSED @ http://localhost:8080/api/v1/jobs/3707:0
[26257711ms] [ERROR] TypeError: Failed to fetch
    at api (http://localhost:3000/_next/static/chunks/src_a35162c3._.js:45:23)
    at Object.get (http://localhost:3000/_next/static/chunks/src_a35162c3._.js:135:16)
    at JobDetailPage.useEffect (http://localhost:3000/_next/static/chunks/src_51e51f02._.js?id=%255Bproject%255D%252Fsrc%252Fapp%252Fjobs%252F%255Bid%255D%252Fpage.tsx+%255Bapp-client%255D+%2528ecmascript%2529:76:141)
    at Object.react_stack_bottom_frame (http://localhost:3000/_next/static/chunks/b2b3e_next_dist_compiled_react-dom_d19f9ff6._.js:14876:22)
    at runWithFiberInDEV (http://localhost:3000/_next/static/chunks/b2b3e_next_dist_compiled_react-dom_d19f9ff6._.js:965:74)
    at commitHookEffectListMount (http://localhost:3000/_next/static/chunks/b2b3e_next_dist_compiled_react-dom_d19f9ff6._.js:7266:167)
    at commitHookPassiveMountEffects (http://localhost:3000/_next/static/chunks/b2b3e_next_dist_compiled_react-dom_d19f9ff6._.js:7301:60)
    at reconnectPassiveEffects (http://localhost:3000/_next/static/chunks/b2b3e_next_dist_compiled_react-dom_d19f9ff6._.js:8786:17)
    at recursivelyTraverseReconnectPassiveEffects (http://localhost:3000/_next/static/chunks/b2b3e_next_dist_compiled_react-dom_d19f9ff6._.js:8773:13)
    at reconnectPassiveEffects (http://localhost:3000/_next/static/chunks/b2b3e_next_dist_compiled_react-dom_d19f9ff6._.js:8785:17)
    at recursivelyTraverseReconnectPassiveEffects (http://localhost:3000/_next/static/chunks/b2b3e_next_dist_compiled_react-dom_d19f9ff6._.js:8773:13)
    at reconnectPassiveEffects (http://localhost:3000/_next/static/chunks/b2b3e_next_dist_compiled_react-dom_d19f9ff6._.js:8785:17)
    at recursivelyTraverseReconnectPassiveEffects (http://localhost:3000/_next/static/chunks/b2b3e_next_dist_compiled_react-dom_d19f9ff6._.js:8773:13)
    at reconnectPassiveEffects (http://localhost:3000/_next/static/chunks/b2b3e_next_dist_compiled_react-dom_d19f9ff6._.js:8800:17)
    at recursivelyTraverseReconnectPassiveEffects (http://localhost:3000/_next/static/chunks/b2b3e_next_dist_compiled_react-dom_d19f9ff6._.js:8773:13)
    at reconnectPassiveEffects (http://localhost:3000/_next/static/chunks/b2b3e_next_dist_compiled_react-dom_d19f9ff6._.js:8800:17)
    at recursivelyTraverseReconnectPassiveEffects (http://localhost:3000/_next/static/chunks/b2b3e_next_dist_compiled_react-dom_d19f9ff6._.js:8773:13)
    at reconnectPassiveEffects (http://localhost:3000/_next/static/chunks/b2b3e_next_dist_compiled_react-dom_d19f9ff6._.js:8785:17)
    at recursivelyTraverseReconnectPassiveEffects (http://localhost:3000/_next/static/chunks/b2b3e_next_dist_compiled_react-dom_d19f9ff6._.js:8773:13)
    at reconnectPassiveEffects (http://localhost:3000/_next/static/chunks/b2b3e_next_dist_compiled_react-dom_d19f9ff6._.js:8800:17)
    at recursivelyTraverseReconnectPassiveEffects (http://localhost:3000/_next/static/chunks/b2b3e_next_dist_compiled_react-dom_d19f9ff6._.js:8773:13)
    at reconnectPassiveEffects (http://localhost:3000/_next/static/chunks/b2b3e_next_dist_compiled_react-dom_d19f9ff6._.js:8785:17)
    at recursivelyTraverseReconnectPassiveEffects (http://localhost:3000/_next/static/chunks/b2b3e_next_dist_compiled_react-dom_d19f9ff6._.js:8773:13)
    at reconnectPassiveEffects (http://localhost:3000/_next/static/chunks/b2b3e_next_dist_compiled_react-dom_d19f9ff6._.js:8785:17)
    at recursivelyTraverseReconnectPassiveEffects (http://localhost:3000/_next/static/chunks/b2b3e_next_dist_compiled_react-dom_d19f9ff6._.js:8773:13)
    at reconnectPassiveEffects (http://localhost:3000/_next/static/chunks/b2b3e_next_dist_compiled_react-dom_d19f9ff6._.js:8785:17)
    at recursivelyTraverseReconnectPassiveEffects (http://localhost:3000/_next/static/chunks/b2b3e_next_dist_compiled_react-dom_d19f9ff6._.js:8773:13)
    at reconnectPassiveEffects (http://localhost:3000/_next/static/chunks/b2b3e_next_dist_compiled_react-dom_d19f9ff6._.js:8785:17)
    at recursivelyTraverseReconnectPassiveEffects (http://localhost:3000/_next/static/chunks/b2b3e_next_dist_compiled_react-dom_d19f9ff6._.js:8773:13)
    at reconnectPassiveEffects (http://localhost:3000/_next/static/chunks/b2b3e_next_dist_compiled_react-dom_d19f9ff6._.js:8800:17)
    at recursivelyTraverseReconnectPassiveEffects (http://localhost:3000/_next/static/chunks/b2b3e_next_dist_compiled_react-dom_d19f9ff6._.js:8773:13)
    at reconnectPassiveEffects (http://localhost:3000/_next/static/chunks/b2b3e_next_dist_compiled_react-dom_d19f9ff6._.js:8785:17)
    at recursivelyTraverseReconnectPassiveEffects (http://localhost:3000/_next/static/chunks/b2b3e_next_dist_compiled_react-dom_d19f9ff6._.js:8773:13)
    at reconnectPassiveEffects (http://localhost:3000/_next/static/chunks/b2b3e_next_dist_compiled_react-dom_d19f9ff6._.js:8785:17)
    at recursivelyTraverseReconnectPassiveEffects (http://localhost:3000/_next/static/chunks/b2b3e_next_dist_compiled_react-dom_d19f9ff6._.js:8773:13)
    at reconnectPassiveEffects (http://localhost:3000/_next/static/chunks/b2b3e_next_dist_compiled_react-dom_d19f9ff6._.js:8800:17)
    at recursivelyTraverseReconnectPassiveEffects (http://localhost:3000/_next/static/chunks/b2b3e_next_dist_compiled_react-dom_d19f9ff6._.js:8773:13)
    at reconnectPassiveEffects (http://localhost:3000/_next/static/chunks/b2b3e_next_dist_compiled_react-dom_d19f9ff6._.js:8800:17)
    at recursivelyTraverseReconnectPassiveEffects (http://localhost:3000/_next/static/chunks/b2b3e_next_dist_compiled_react-dom_d19f9ff6._.js:8773:13)
    at reconnectPassiveEffects (http://localhost:3000/_next/static/chunks/b2b3e_next_dist_compiled_react-dom_d19f9ff6._.js:8785:17)
    at recursivelyTraverseReconnectPassiveEffects (http://localhost:3000/_next/static/chunks/b2b3e_next_dist_compiled_react-dom_d19f9ff6._.js:8773:13)
    at reconnectPassiveEffects (http://localhost:3000/_next/static/chunks/b2b3e_next_dist_compiled_react-dom_d19f9ff6._.js:8785:17)
    at recursivelyTraverseReconnectPassiveEffects (http://localhost:3000/_next/static/chunks/b2b3e_next_dist_compiled_react-dom_d19f9ff6._.js:8773:13)
    at reconnectPassiveEffects (http://localhost:3000/_next/static/chunks/b2b3e_next_dist_compiled_react-dom_d19f9ff6._.js:8800:17)
    at recursivelyTraverseReconnectPassiveEffects (http://localhost:3000/_next/static/chunks/b2b3e_next_dist_compiled_react-dom_d19f9ff6._.js:8773:13)
    at reconnectPassiveEffects (http://localhost:3000/_next/static/chunks/b2b3e_next_dist_compiled_react-dom_d19f9ff6._.js:8800:17)
    at recursivelyTraverseReconnectPassiveEffects (http://localhost:3000/_next/static/chunks/b2b3e_next_dist_compiled_react-dom_d19f9ff6._.js:8773:13)
    at reconnectPassiveEffects (http://localhost:3000/_next/static/chunks/b2b3e_next_dist_compiled_react-dom_d19f9ff6._.js:8800:17)
    at recursivelyTraverseReconnectPassiveEffects (http://localhost:3000/_next/static/chunks/b2b3e_next_dist_compiled_react-dom_d19f9ff6._.js:8773:13)
    at reconnectPassiveEffects (http://localhost:3000/_next/static/chunks/b2b3e_next_dist_compiled_react-dom_d19f9ff6._.js:8785:17) @ http://localhost:3000/_next/static/chunks/b2b3e_next_dist_77a734fe._.js:3127
[26257711ms] [ERROR] Failed to load resource: net::ERR_CONNECTION_REFUSED @ http://localhost:8080/api/v1/ai/results/3707:0
[26271207ms] [ERROR] Failed to load resource: net::ERR_CONNECTION_REFUSED @ http://localhost:8080/api/v1/jobs/3707:0
[26271207ms] [ERROR] TypeError: Failed to fetch
    at api (http://localhost:3000/_next/static/chunks/src_a35162c3._.js:45:23)
    at Object.get (http://localhost:3000/_next/static/chunks/src_a35162c3._.js:135:16)
    at JobDetailPage.useEffect (http://localhost:3000/_next/static/chunks/src_51e51f02._.js?id=%255Bproject%255D%252Fsrc%252Fapp%252Fjobs%252F%255Bid%255D%252Fpage.tsx+%255Bapp-client%255D+%2528ecmascript%2529:76:141)
    at Object.react_stack_bottom_frame (http://localhost:3000/_next/static/chunks/b2b3e_next_dist_compiled_react-dom_d19f9ff6._.js:14876:22)
    at runWithFiberInDEV (http://localhost:3000/_next/static/chunks/b2b3e_next_dist_compiled_react-dom_d19f9ff6._.js:965:74)
    at commitHookEffectListMount (http://localhost:3000/_next/static/chunks/b2b3e_next_dist_compiled_react-dom_d19f9ff6._.js:7266:167)
    at commitHookPassiveMountEffects (http://localhost:3000/_next/static/chunks/b2b3e_next_dist_compiled_react-dom_d19f9ff6._.js:7301:60)
    at commitPassiveMountOnFiber (http://localhost:3000/_next/static/chunks/b2b3e_next_dist_compiled_react-dom_d19f9ff6._.js:8696:33)
    at recursivelyTraversePassiveMountEffects (http://localhost:3000/_next/static/chunks/b2b3e_next_dist_compiled_react-dom_d19f9ff6._.js:8683:316)
    at commitPassiveMountOnFiber (http://localhost:3000/_next/static/chunks/b2b3e_next_dist_compiled_react-dom_d19f9ff6._.js:8695:17)
    at recursivelyTraversePassiveMountEffects (http://localhost:3000/_next/static/chunks/b2b3e_next_dist_compiled_react-dom_d19f9ff6._.js:8683:316)
    at commitPassiveMountOnFiber (http://localhost:3000/_next/static/chunks/b2b3e_next_dist_compiled_react-dom_d19f9ff6._.js:8695:17)
    at recursivelyTraversePassiveMountEffects (http://localhost:3000/_next/static/chunks/b2b3e_next_dist_compiled_react-dom_d19f9ff6._.js:8683:316)
    at commitPassiveMountOnFiber (http://localhost:3000/_next/static/chunks/b2b3e_next_dist_compiled_react-dom_d19f9ff6._.js:8757:17)
    at recursivelyTraversePassiveMountEffects (http://localhost:3000/_next/static/chunks/b2b3e_next_dist_compiled_react-dom_d19f9ff6._.js:8683:316)
    at commitPassiveMountOnFiber (http://localhost:3000/_next/static/chunks/b2b3e_next_dist_compiled_react-dom_d19f9ff6._.js:8757:17)
    at recursivelyTraversePassiveMountEffects (http://localhost:3000/_next/static/chunks/b2b3e_next_dist_compiled_react-dom_d19f9ff6._.js:8683:316)
    at commitPassiveMountOnFiber (http://localhost:3000/_next/static/chunks/b2b3e_next_dist_compiled_react-dom_d19f9ff6._.js:8695:17)
    at recursivelyTraversePassiveMountEffects (http://localhost:3000/_next/static/chunks/b2b3e_next_dist_compiled_react-dom_d19f9ff6._.js:8683:316)
    at commitPassiveMountOnFiber (http://localhost:3000/_next/static/chunks/b2b3e_next_dist_compiled_react-dom_d19f9ff6._.js:8700:17)
    at recursivelyTraversePassiveMountEffects (http://localhost:3000/_next/static/chunks/b2b3e_next_dist_compiled_react-dom_d19f9ff6._.js:8683:316)
    at commitPassiveMountOnFiber (http://localhost:3000/_next/static/chunks/b2b3e_next_dist_compiled_react-dom_d19f9ff6._.js:8695:17)
    at recursivelyTraversePassiveMountEffects (http://localhost:3000/_next/static/chunks/b2b3e_next_dist_compiled_react-dom_d19f9ff6._.js:8683:316)
    at commitPassiveMountOnFiber (http://localhost:3000/_next/static/chunks/b2b3e_next_dist_compiled_react-dom_d19f9ff6._.js:8695:17)
    at recursivelyTraversePassiveMountEffects (http://localhost:3000/_next/static/chunks/b2b3e_next_dist_compiled_react-dom_d19f9ff6._.js:8683:316)
    at commitPassiveMountOnFiber (http://localhost:3000/_next/static/chunks/b2b3e_next_dist_compiled_react-dom_d19f9ff6._.js:8695:17)
    at recursivelyTraversePassiveMountEffects (http://localhost:3000/_next/static/chunks/b2b3e_next_dist_compiled_react-dom_d19f9ff6._.js:8683:316)
    at commitPassiveMountOnFiber (http://localhost:3000/_next/static/chunks/b2b3e_next_dist_compiled_react-dom_d19f9ff6._.js:8695:17)
    at recursivelyTraversePassiveMountEffects (http://localhost:3000/_next/static/chunks/b2b3e_next_dist_compiled_react-dom_d19f9ff6._.js:8683:316)
    at commitPassiveMountOnFiber (http://localhost:3000/_next/static/chunks/b2b3e_next_dist_compiled_react-dom_d19f9ff6._.js:8700:17)
    at recursivelyTraversePassiveMountEffects (http://localhost:3000/_next/static/chunks/b2b3e_next_dist_compiled_react-dom_d19f9ff6._.js:8683:316)
    at commitPassiveMountOnFiber (http://localhost:3000/_next/static/chunks/b2b3e_next_dist_compiled_react-dom_d19f9ff6._.js:8695:17)
    at recursivelyTraversePassiveMountEffects (http://localhost:3000/_next/static/chunks/b2b3e_next_dist_compiled_react-dom_d19f9ff6._.js:8683:316)
    at commitPassiveMountOnFiber (http://localhost:3000/_next/static/chunks/b2b3e_next_dist_compiled_react-dom_d19f9ff6._.js:8695:17)
    at recursivelyTraversePassiveMountEffects (http://localhost:3000/_next/static/chunks/b2b3e_next_dist_compiled_react-dom_d19f9ff6._.js:8683:316)
    at commitPassiveMountOnFiber (http://localhost:3000/_next/static/chunks/b2b3e_next_dist_compiled_react-dom_d19f9ff6._.js:8757:17)
    at recursivelyTraversePassiveMountEffects (http://localhost:3000/_next/static/chunks/b2b3e_next_dist_compiled_react-dom_d19f9ff6._.js:8683:316)
    at commitPassiveMountOnFiber (http://localhost:3000/_next/static/chunks/b2b3e_next_dist_compiled_react-dom_d19f9ff6._.js:8757:17)
    at recursivelyTraversePassiveMountEffects (http://localhost:3000/_next/static/chunks/b2b3e_next_dist_compiled_react-dom_d19f9ff6._.js:8683:316)
    at commitPassiveMountOnFiber (http://localhost:3000/_next/static/chunks/b2b3e_next_dist_compiled_react-dom_d19f9ff6._.js:8695:17)
    at recursivelyTraversePassiveMountEffects (http://localhost:3000/_next/static/chunks/b2b3e_next_dist_compiled_react-dom_d19f9ff6._.js:8683:316)
    at commitPassiveMountOnFiber (http://localhost:3000/_next/static/chunks/b2b3e_next_dist_compiled_react-dom_d19f9ff6._.js:8695:17)
    at recursivelyTraversePassiveMountEffects (http://localhost:3000/_next/static/chunks/b2b3e_next_dist_compiled_react-dom_d19f9ff6._.js:8683:316)
    at commitPassiveMountOnFiber (http://localhost:3000/_next/static/chunks/b2b3e_next_dist_compiled_react-dom_d19f9ff6._.js:8757:17)
    at recursivelyTraversePassiveMountEffects (http://localhost:3000/_next/static/chunks/b2b3e_next_dist_compiled_react-dom_d19f9ff6._.js:8683:316)
    at commitPassiveMountOnFiber (http://localhost:3000/_next/static/chunks/b2b3e_next_dist_compiled_react-dom_d19f9ff6._.js:8757:17)
    at recursivelyTraversePassiveMountEffects (http://localhost:3000/_next/static/chunks/b2b3e_next_dist_compiled_react-dom_d19f9ff6._.js:8683:316)
    at commitPassiveMountOnFiber (http://localhost:3000/_next/static/chunks/b2b3e_next_dist_compiled_react-dom_d19f9ff6._.js:8757:17)
    at recursivelyTraversePassiveMountEffects (http://localhost:3000/_next/static/chunks/b2b3e_next_dist_compiled_react-dom_d19f9ff6._.js:8683:316)
    at commitPassiveMountOnFiber (http://localhost:3000/_next/static/chunks/b2b3e_next_dist_compiled_react-dom_d19f9ff6._.js:8695:17) @ http://localhost:3000/_next/static/chunks/b2b3e_next_dist_77a734fe._.js:3127
[26271207ms] [ERROR] Failed to load resource: net::ERR_CONNECTION_REFUSED @ http://localhost:8080/api/v1/ai/results/3707:0
[26271207ms] [ERROR] Failed to load resource: net::ERR_CONNECTION_REFUSED @ http://localhost:8080/api/v1/jobs/3707:0
[26271207ms] [ERROR] TypeError: Failed to fetch
    at api (http://localhost:3000/_next/static/chunks/src_a35162c3._.js:45:23)
    at Object.get (http://localhost:3000/_next/static/chunks/src_a35162c3._.js:135:16)
    at JobDetailPage.useEffect (http://localhost:3000/_next/static/chunks/src_51e51f02._.js?id=%255Bproject%255D%252Fsrc%252Fapp%252Fjobs%252F%255Bid%255D%252Fpage.tsx+%255Bapp-client%255D+%2528ecmascript%2529:76:141)
    at Object.react_stack_bottom_frame (http://localhost:3000/_next/static/chunks/b2b3e_next_dist_compiled_react-dom_d19f9ff6._.js:14876:22)
    at runWithFiberInDEV (http://localhost:3000/_next/static/chunks/b2b3e_next_dist_compiled_react-dom_d19f9ff6._.js:965:74)
    at commitHookEffectListMount (http://localhost:3000/_next/static/chunks/b2b3e_next_dist_compiled_react-dom_d19f9ff6._.js:7266:167)
    at commitHookPassiveMountEffects (http://localhost:3000/_next/static/chunks/b2b3e_next_dist_compiled_react-dom_d19f9ff6._.js:7301:60)
    at reconnectPassiveEffects (http://localhost:3000/_next/static/chunks/b2b3e_next_dist_compiled_react-dom_d19f9ff6._.js:8786:17)
    at recursivelyTraverseReconnectPassiveEffects (http://localhost:3000/_next/static/chunks/b2b3e_next_dist_compiled_react-dom_d19f9ff6._.js:8773:13)
    at reconnectPassiveEffects (http://localhost:3000/_next/static/chunks/b2b3e_next_dist_compiled_react-dom_d19f9ff6._.js:8785:17)
    at recursivelyTraverseReconnectPassiveEffects (http://localhost:3000/_next/static/chunks/b2b3e_next_dist_compiled_react-dom_d19f9ff6._.js:8773:13)
    at reconnectPassiveEffects (http://localhost:3000/_next/static/chunks/b2b3e_next_dist_compiled_react-dom_d19f9ff6._.js:8785:17)
    at recursivelyTraverseReconnectPassiveEffects (http://localhost:3000/_next/static/chunks/b2b3e_next_dist_compiled_react-dom_d19f9ff6._.js:8773:13)
    at reconnectPassiveEffects (http://localhost:3000/_next/static/chunks/b2b3e_next_dist_compiled_react-dom_d19f9ff6._.js:8800:17)
    at recursivelyTraverseReconnectPassiveEffects (http://localhost:3000/_next/static/chunks/b2b3e_next_dist_compiled_react-dom_d19f9ff6._.js:8773:13)
    at reconnectPassiveEffects (http://localhost:3000/_next/static/chunks/b2b3e_next_dist_compiled_react-dom_d19f9ff6._.js:8800:17)
    at recursivelyTraverseReconnectPassiveEffects (http://localhost:3000/_next/static/chunks/b2b3e_next_dist_compiled_react-dom_d19f9ff6._.js:8773:13)
    at reconnectPassiveEffects (http://localhost:3000/_next/static/chunks/b2b3e_next_dist_compiled_react-dom_d19f9ff6._.js:8785:17)
    at recursivelyTraverseReconnectPassiveEffects (http://localhost:3000/_next/static/chunks/b2b3e_next_dist_compiled_react-dom_d19f9ff6._.js:8773:13)
    at reconnectPassiveEffects (http://localhost:3000/_next/static/chunks/b2b3e_next_dist_compiled_react-dom_d19f9ff6._.js:8800:17)
    at recursivelyTraverseReconnectPassiveEffects (http://localhost:3000/_next/static/chunks/b2b3e_next_dist_compiled_react-dom_d19f9ff6._.js:8773:13)
    at reconnectPassiveEffects (http://localhost:3000/_next/static/chunks/b2b3e_next_dist_compiled_react-dom_d19f9ff6._.js:8785:17)
    at recursivelyTraverseReconnectPassiveEffects (http://localhost:3000/_next/static/chunks/b2b3e_next_dist_compiled_react-dom_d19f9ff6._.js:8773:13)
    at reconnectPassiveEffects (http://localhost:3000/_next/static/chunks/b2b3e_next_dist_compiled_react-dom_d19f9ff6._.js:8785:17)
    at recursivelyTraverseReconnectPassiveEffects (http://localhost:3000/_next/static/chunks/b2b3e_next_dist_compiled_react-dom_d19f9ff6._.js:8773:13)
    at reconnectPassiveEffects (http://localhost:3000/_next/static/chunks/b2b3e_next_dist_compiled_react-dom_d19f9ff6._.js:8785:17)
    at recursivelyTraverseReconnectPassiveEffects (http://localhost:3000/_next/static/chunks/b2b3e_next_dist_compiled_react-dom_d19f9ff6._.js:8773:13)
    at reconnectPassiveEffects (http://localhost:3000/_next/static/chunks/b2b3e_next_dist_compiled_react-dom_d19f9ff6._.js:8785:17)
    at recursivelyTraverseReconnectPassiveEffects (http://localhost:3000/_next/static/chunks/b2b3e_next_dist_compiled_react-dom_d19f9ff6._.js:8773:13)
    at reconnectPassiveEffects (http://localhost:3000/_next/static/chunks/b2b3e_next_dist_compiled_react-dom_d19f9ff6._.js:8800:17)
    at recursivelyTraverseReconnectPassiveEffects (http://localhost:3000/_next/static/chunks/b2b3e_next_dist_compiled_react-dom_d19f9ff6._.js:8773:13)
    at reconnectPassiveEffects (http://localhost:3000/_next/static/chunks/b2b3e_next_dist_compiled_react-dom_d19f9ff6._.js:8785:17)
    at recursivelyTraverseReconnectPassiveEffects (http://localhost:3000/_next/static/chunks/b2b3e_next_dist_compiled_react-dom_d19f9ff6._.js:8773:13)
    at reconnectPassiveEffects (http://localhost:3000/_next/static/chunks/b2b3e_next_dist_compiled_react-dom_d19f9ff6._.js:8785:17)
    at recursivelyTraverseReconnectPassiveEffects (http://localhost:3000/_next/static/chunks/b2b3e_next_dist_compiled_react-dom_d19f9ff6._.js:8773:13)
    at reconnectPassiveEffects (http://localhost:3000/_next/static/chunks/b2b3e_next_dist_compiled_react-dom_d19f9ff6._.js:8800:17)
    at recursivelyTraverseReconnectPassiveEffects (http://localhost:3000/_next/static/chunks/b2b3e_next_dist_compiled_react-dom_d19f9ff6._.js:8773:13)
    at reconnectPassiveEffects (http://localhost:3000/_next/static/chunks/b2b3e_next_dist_compiled_react-dom_d19f9ff6._.js:8800:17)
    at recursivelyTraverseReconnectPassiveEffects (http://localhost:3000/_next/static/chunks/b2b3e_next_dist_compiled_react-dom_d19f9ff6._.js:8773:13)
    at reconnectPassiveEffects (http://localhost:3000/_next/static/chunks/b2b3e_next_dist_compiled_react-dom_d19f9ff6._.js:8785:17)
    at recursivelyTraverseReconnectPassiveEffects (http://localhost:3000/_next/static/chunks/b2b3e_next_dist_compiled_react-dom_d19f9ff6._.js:8773:13)
    at reconnectPassiveEffects (http://localhost:3000/_next/static/chunks/b2b3e_next_dist_compiled_react-dom_d19f9ff6._.js:8785:17)
    at recursivelyTraverseReconnectPassiveEffects (http://localhost:3000/_next/static/chunks/b2b3e_next_dist_compiled_react-dom_d19f9ff6._.js:8773:13)
    at reconnectPassiveEffects (http://localhost:3000/_next/static/chunks/b2b3e_next_dist_compiled_react-dom_d19f9ff6._.js:8800:17)
    at recursivelyTraverseReconnectPassiveEffects (http://localhost:3000/_next/static/chunks/b2b3e_next_dist_compiled_react-dom_d19f9ff6._.js:8773:13)
    at reconnectPassiveEffects (http://localhost:3000/_next/static/chunks/b2b3e_next_dist_compiled_react-dom_d19f9ff6._.js:8800:17)
    at recursivelyTraverseReconnectPassiveEffects (http://localhost:3000/_next/static/chunks/b2b3e_next_dist_compiled_react-dom_d19f9ff6._.js:8773:13)
    at reconnectPassiveEffects (http://localhost:3000/_next/static/chunks/b2b3e_next_dist_compiled_react-dom_d19f9ff6._.js:8800:17)
    at recursivelyTraverseReconnectPassiveEffects (http://localhost:3000/_next/static/chunks/b2b3e_next_dist_compiled_react-dom_d19f9ff6._.js:8773:13)
    at reconnectPassiveEffects (http://localhost:3000/_next/static/chunks/b2b3e_next_dist_compiled_react-dom_d19f9ff6._.js:8785:17) @ http://localhost:3000/_next/static/chunks/b2b3e_next_dist_77a734fe._.js:3127
[26271208ms] [ERROR] Failed to load resource: net::ERR_CONNECTION_REFUSED @ http://localhost:8080/api/v1/ai/results/3707:0
[26271938ms] [ERROR] Failed to load resource: net::ERR_CONNECTION_REFUSED @ http://localhost:8080/api/v1/jobs/3707:0
[26271938ms] [ERROR] TypeError: Failed to fetch
    at api (http://localhost:3000/_next/static/chunks/src_91fc84fe._.js:45:23)
    at Object.get (http://localhost:3000/_next/static/chunks/src_91fc84fe._.js:135:16)
    at JobDetailPage.useEffect (http://localhost:3000/_next/static/chunks/src_51e51f02._.js:335:141)
    at Object.react_stack_bottom_frame (http://localhost:3000/_next/static/chunks/b2b3e_next_dist_compiled_react-dom_d19f9ff6._.js:14876:22)
    at runWithFiberInDEV (http://localhost:3000/_next/static/chunks/b2b3e_next_dist_compiled_react-dom_d19f9ff6._.js:965:74)
    at commitHookEffectListMount (http://localhost:3000/_next/static/chunks/b2b3e_next_dist_compiled_react-dom_d19f9ff6._.js:7266:167)
    at commitHookPassiveMountEffects (http://localhost:3000/_next/static/chunks/b2b3e_next_dist_compiled_react-dom_d19f9ff6._.js:7301:60)
    at commitPassiveMountOnFiber (http://localhost:3000/_next/static/chunks/b2b3e_next_dist_compiled_react-dom_d19f9ff6._.js:8696:33)
    at recursivelyTraversePassiveMountEffects (http://localhost:3000/_next/static/chunks/b2b3e_next_dist_compiled_react-dom_d19f9ff6._.js:8683:316)
    at commitPassiveMountOnFiber (http://localhost:3000/_next/static/chunks/b2b3e_next_dist_compiled_react-dom_d19f9ff6._.js:8695:17)
    at recursivelyTraversePassiveMountEffects (http://localhost:3000/_next/static/chunks/b2b3e_next_dist_compiled_react-dom_d19f9ff6._.js:8683:316)
    at commitPassiveMountOnFiber (http://localhost:3000/_next/static/chunks/b2b3e_next_dist_compiled_react-dom_d19f9ff6._.js:8695:17)
    at recursivelyTraversePassiveMountEffects (http://localhost:3000/_next/static/chunks/b2b3e_next_dist_compiled_react-dom_d19f9ff6._.js:8683:316)
    at commitPassiveMountOnFiber (http://localhost:3000/_next/static/chunks/b2b3e_next_dist_compiled_react-dom_d19f9ff6._.js:8757:17)
    at recursivelyTraversePassiveMountEffects (http://localhost:3000/_next/static/chunks/b2b3e_next_dist_compiled_react-dom_d19f9ff6._.js:8683:316)
    at commitPassiveMountOnFiber (http://localhost:3000/_next/static/chunks/b2b3e_next_dist_compiled_react-dom_d19f9ff6._.js:8757:17)
    at recursivelyTraversePassiveMountEffects (http://localhost:3000/_next/static/chunks/b2b3e_next_dist_compiled_react-dom_d19f9ff6._.js:8683:316)
    at commitPassiveMountOnFiber (http://localhost:3000/_next/static/chunks/b2b3e_next_dist_compiled_react-dom_d19f9ff6._.js:8695:17)
    at recursivelyTraversePassiveMountEffects (http://localhost:3000/_next/static/chunks/b2b3e_next_dist_compiled_react-dom_d19f9ff6._.js:8683:316)
    at commitPassiveMountOnFiber (http://localhost:3000/_next/static/chunks/b2b3e_next_dist_compiled_react-dom_d19f9ff6._.js:8700:17)
    at recursivelyTraversePassiveMountEffects (http://localhost:3000/_next/static/chunks/b2b3e_next_dist_compiled_react-dom_d19f9ff6._.js:8683:316)
    at commitPassiveMountOnFiber (http://localhost:3000/_next/static/chunks/b2b3e_next_dist_compiled_react-dom_d19f9ff6._.js:8695:17)
    at recursivelyTraversePassiveMountEffects (http://localhost:3000/_next/static/chunks/b2b3e_next_dist_compiled_react-dom_d19f9ff6._.js:8683:316)
    at commitPassiveMountOnFiber (http://localhost:3000/_next/static/chunks/b2b3e_next_dist_compiled_react-dom_d19f9ff6._.js:8695:17)
    at recursivelyTraversePassiveMountEffects (http://localhost:3000/_next/static/chunks/b2b3e_next_dist_compiled_react-dom_d19f9ff6._.js:8683:316)
    at commitPassiveMountOnFiber (http://localhost:3000/_next/static/chunks/b2b3e_next_dist_compiled_react-dom_d19f9ff6._.js:8695:17)
    at recursivelyTraversePassiveMountEffects (http://localhost:3000/_next/static/chunks/b2b3e_next_dist_compiled_react-dom_d19f9ff6._.js:8683:316)
    at commitPassiveMountOnFiber (http://localhost:3000/_next/static/chunks/b2b3e_next_dist_compiled_react-dom_d19f9ff6._.js:8695:17)
    at recursivelyTraversePassiveMountEffects (http://localhost:3000/_next/static/chunks/b2b3e_next_dist_compiled_react-dom_d19f9ff6._.js:8683:316)
    at commitPassiveMountOnFiber (http://localhost:3000/_next/static/chunks/b2b3e_next_dist_compiled_react-dom_d19f9ff6._.js:8700:17)
    at recursivelyTraversePassiveMountEffects (http://localhost:3000/_next/static/chunks/b2b3e_next_dist_compiled_react-dom_d19f9ff6._.js:8683:316)
    at commitPassiveMountOnFiber (http://localhost:3000/_next/static/chunks/b2b3e_next_dist_compiled_react-dom_d19f9ff6._.js:8695:17)
    at recursivelyTraversePassiveMountEffects (http://localhost:3000/_next/static/chunks/b2b3e_next_dist_compiled_react-dom_d19f9ff6._.js:8683:316)
    at commitPassiveMountOnFiber (http://localhost:3000/_next/static/chunks/b2b3e_next_dist_compiled_react-dom_d19f9ff6._.js:8695:17)
    at recursivelyTraversePassiveMountEffects (http://localhost:3000/_next/static/chunks/b2b3e_next_dist_compiled_react-dom_d19f9ff6._.js:8683:316)
    at commitPassiveMountOnFiber (http://localhost:3000/_next/static/chunks/b2b3e_next_dist_compiled_react-dom_d19f9ff6._.js:8757:17)
    at recursivelyTraversePassiveMountEffects (http://localhost:3000/_next/static/chunks/b2b3e_next_dist_compiled_react-dom_d19f9ff6._.js:8683:316)
    at commitPassiveMountOnFiber (http://localhost:3000/_next/static/chunks/b2b3e_next_dist_compiled_react-dom_d19f9ff6._.js:8757:17)
    at recursivelyTraversePassiveMountEffects (http://localhost:3000/_next/static/chunks/b2b3e_next_dist_compiled_react-dom_d19f9ff6._.js:8683:316)
    at commitPassiveMountOnFiber (http://localhost:3000/_next/static/chunks/b2b3e_next_dist_compiled_react-dom_d19f9ff6._.js:8695:17)
    at recursivelyTraversePassiveMountEffects (http://localhost:3000/_next/static/chunks/b2b3e_next_dist_compiled_react-dom_d19f9ff6._.js:8683:316)
    at commitPassiveMountOnFiber (http://localhost:3000/_next/static/chunks/b2b3e_next_dist_compiled_react-dom_d19f9ff6._.js:8695:17)
    at recursivelyTraversePassiveMountEffects (http://localhost:3000/_next/static/chunks/b2b3e_next_dist_compiled_react-dom_d19f9ff6._.js:8683:316)
    at commitPassiveMountOnFiber (http://localhost:3000/_next/static/chunks/b2b3e_next_dist_compiled_react-dom_d19f9ff6._.js:8757:17)
    at recursivelyTraversePassiveMountEffects (http://localhost:3000/_next/static/chunks/b2b3e_next_dist_compiled_react-dom_d19f9ff6._.js:8683:316)
    at commitPassiveMountOnFiber (http://localhost:3000/_next/static/chunks/b2b3e_next_dist_compiled_react-dom_d19f9ff6._.js:8757:17)
    at recursivelyTraversePassiveMountEffects (http://localhost:3000/_next/static/chunks/b2b3e_next_dist_compiled_react-dom_d19f9ff6._.js:8683:316)
    at commitPassiveMountOnFiber (http://localhost:3000/_next/static/chunks/b2b3e_next_dist_compiled_react-dom_d19f9ff6._.js:8757:17)
    at recursivelyTraversePassiveMountEffects (http://localhost:3000/_next/static/chunks/b2b3e_next_dist_compiled_react-dom_d19f9ff6._.js:8683:316)
    at commitPassiveMountOnFiber (http://localhost:3000/_next/static/chunks/b2b3e_next_dist_compiled_react-dom_d19f9ff6._.js:8695:17) @ http://localhost:3000/_next/static/chunks/b2b3e_next_dist_77a734fe._.js:3127
[26271950ms] [ERROR] Failed to load resource: net::ERR_CONNECTION_REFUSED @ http://localhost:8080/api/v1/ai/results/3707:0
[26272116ms] [ERROR] Failed to load resource: the server responded with a status of 404 (Not Found) @ http://localhost:3000/icon-192.png:0
[26272148ms] [WARNING] Error while trying to use the following icon from the Manifest: http://localhost:3000/icon-192.png (Download error or resource isn't a valid image) @ http://localhost:3000/jobs/3707:0
[26284523ms] [ERROR] Failed to load resource: net::ERR_CONNECTION_REFUSED @ http://localhost:8080/api/v1/jobs/3707:0
[26284523ms] [ERROR] TypeError: Failed to fetch
    at api (http://localhost:3000/_next/static/chunks/src_91fc84fe._.js:45:23)
    at Object.get (http://localhost:3000/_next/static/chunks/src_91fc84fe._.js:135:16)
    at JobDetailPage.useEffect (http://localhost:3000/_next/static/chunks/src_51e51f02._.js:335:141)
    at Object.react_stack_bottom_frame (http://localhost:3000/_next/static/chunks/b2b3e_next_dist_compiled_react-dom_d19f9ff6._.js:14876:22)
    at runWithFiberInDEV (http://localhost:3000/_next/static/chunks/b2b3e_next_dist_compiled_react-dom_d19f9ff6._.js:965:74)
    at commitHookEffectListMount (http://localhost:3000/_next/static/chunks/b2b3e_next_dist_compiled_react-dom_d19f9ff6._.js:7266:167)
    at commitHookPassiveMountEffects (http://localhost:3000/_next/static/chunks/b2b3e_next_dist_compiled_react-dom_d19f9ff6._.js:7301:60)
    at commitPassiveMountOnFiber (http://localhost:3000/_next/static/chunks/b2b3e_next_dist_compiled_react-dom_d19f9ff6._.js:8696:33)
    at recursivelyTraversePassiveMountEffects (http://localhost:3000/_next/static/chunks/b2b3e_next_dist_compiled_react-dom_d19f9ff6._.js:8683:316)
    at commitPassiveMountOnFiber (http://localhost:3000/_next/static/chunks/b2b3e_next_dist_compiled_react-dom_d19f9ff6._.js:8695:17)
    at recursivelyTraversePassiveMountEffects (http://localhost:3000/_next/static/chunks/b2b3e_next_dist_compiled_react-dom_d19f9ff6._.js:8683:316)
    at commitPassiveMountOnFiber (http://localhost:3000/_next/static/chunks/b2b3e_next_dist_compiled_react-dom_d19f9ff6._.js:8695:17)
    at recursivelyTraversePassiveMountEffects (http://localhost:3000/_next/static/chunks/b2b3e_next_dist_compiled_react-dom_d19f9ff6._.js:8683:316)
    at commitPassiveMountOnFiber (http://localhost:3000/_next/static/chunks/b2b3e_next_dist_compiled_react-dom_d19f9ff6._.js:8757:17)
    at recursivelyTraversePassiveMountEffects (http://localhost:3000/_next/static/chunks/b2b3e_next_dist_compiled_react-dom_d19f9ff6._.js:8683:316)
    at commitPassiveMountOnFiber (http://localhost:3000/_next/static/chunks/b2b3e_next_dist_compiled_react-dom_d19f9ff6._.js:8757:17)
    at recursivelyTraversePassiveMountEffects (http://localhost:3000/_next/static/chunks/b2b3e_next_dist_compiled_react-dom_d19f9ff6._.js:8683:316)
    at commitPassiveMountOnFiber (http://localhost:3000/_next/static/chunks/b2b3e_next_dist_compiled_react-dom_d19f9ff6._.js:8695:17)
    at recursivelyTraversePassiveMountEffects (http://localhost:3000/_next/static/chunks/b2b3e_next_dist_compiled_react-dom_d19f9ff6._.js:8683:316)
    at commitPassiveMountOnFiber (http://localhost:3000/_next/static/chunks/b2b3e_next_dist_compiled_react-dom_d19f9ff6._.js:8700:17)
    at recursivelyTraversePassiveMountEffects (http://localhost:3000/_next/static/chunks/b2b3e_next_dist_compiled_react-dom_d19f9ff6._.js:8683:316)
    at commitPassiveMountOnFiber (http://localhost:3000/_next/static/chunks/b2b3e_next_dist_compiled_react-dom_d19f9ff6._.js:8695:17)
    at recursivelyTraversePassiveMountEffects (http://localhost:3000/_next/static/chunks/b2b3e_next_dist_compiled_react-dom_d19f9ff6._.js:8683:316)
    at commitPassiveMountOnFiber (http://localhost:3000/_next/static/chunks/b2b3e_next_dist_compiled_react-dom_d19f9ff6._.js:8695:17)
    at recursivelyTraversePassiveMountEffects (http://localhost:3000/_next/static/chunks/b2b3e_next_dist_compiled_react-dom_d19f9ff6._.js:8683:316)
    at commitPassiveMountOnFiber (http://localhost:3000/_next/static/chunks/b2b3e_next_dist_compiled_react-dom_d19f9ff6._.js:8695:17)
    at recursivelyTraversePassiveMountEffects (http://localhost:3000/_next/static/chunks/b2b3e_next_dist_compiled_react-dom_d19f9ff6._.js:8683:316)
    at commitPassiveMountOnFiber (http://localhost:3000/_next/static/chunks/b2b3e_next_dist_compiled_react-dom_d19f9ff6._.js:8695:17)
    at recursivelyTraversePassiveMountEffects (http://localhost:3000/_next/static/chunks/b2b3e_next_dist_compiled_react-dom_d19f9ff6._.js:8683:316)
    at commitPassiveMountOnFiber (http://localhost:3000/_next/static/chunks/b2b3e_next_dist_compiled_react-dom_d19f9ff6._.js:8700:17)
    at recursivelyTraversePassiveMountEffects (http://localhost:3000/_next/static/chunks/b2b3e_next_dist_compiled_react-dom_d19f9ff6._.js:8683:316)
    at commitPassiveMountOnFiber (http://localhost:3000/_next/static/chunks/b2b3e_next_dist_compiled_react-dom_d19f9ff6._.js:8695:17)
    at recursivelyTraversePassiveMountEffects (http://localhost:3000/_next/static/chunks/b2b3e_next_dist_compiled_react-dom_d19f9ff6._.js:8683:316)
    at commitPassiveMountOnFiber (http://localhost:3000/_next/static/chunks/b2b3e_next_dist_compiled_react-dom_d19f9ff6._.js:8695:17)
    at recursivelyTraversePassiveMountEffects (http://localhost:3000/_next/static/chunks/b2b3e_next_dist_compiled_react-dom_d19f9ff6._.js:8683:316)
    at commitPassiveMountOnFiber (http://localhost:3000/_next/static/chunks/b2b3e_next_dist_compiled_react-dom_d19f9ff6._.js:8757:17)
    at recursivelyTraversePassiveMountEffects (http://localhost:3000/_next/static/chunks/b2b3e_next_dist_compiled_react-dom_d19f9ff6._.js:8683:316)
    at commitPassiveMountOnFiber (http://localhost:3000/_next/static/chunks/b2b3e_next_dist_compiled_react-dom_d19f9ff6._.js:8757:17)
    at recursivelyTraversePassiveMountEffects (http://localhost:3000/_next/static/chunks/b2b3e_next_dist_compiled_react-dom_d19f9ff6._.js:8683:316)
    at commitPassiveMountOnFiber (http://localhost:3000/_next/static/chunks/b2b3e_next_dist_compiled_react-dom_d19f9ff6._.js:8695:17)
    at recursivelyTraversePassiveMountEffects (http://localhost:3000/_next/static/chunks/b2b3e_next_dist_compiled_react-dom_d19f9ff6._.js:8683:316)
    at commitPassiveMountOnFiber (http://localhost:3000/_next/static/chunks/b2b3e_next_dist_compiled_react-dom_d19f9ff6._.js:8695:17)
    at recursivelyTraversePassiveMountEffects (http://localhost:3000/_next/static/chunks/b2b3e_next_dist_compiled_react-dom_d19f9ff6._.js:8683:316)
    at commitPassiveMountOnFiber (http://localhost:3000/_next/static/chunks/b2b3e_next_dist_compiled_react-dom_d19f9ff6._.js:8757:17)
    at recursivelyTraversePassiveMountEffects (http://localhost:3000/_next/static/chunks/b2b3e_next_dist_compiled_react-dom_d19f9ff6._.js:8683:316)
    at commitPassiveMountOnFiber (http://localhost:3000/_next/static/chunks/b2b3e_next_dist_compiled_react-dom_d19f9ff6._.js:8757:17)
    at recursivelyTraversePassiveMountEffects (http://localhost:3000/_next/static/chunks/b2b3e_next_dist_compiled_react-dom_d19f9ff6._.js:8683:316)
    at commitPassiveMountOnFiber (http://localhost:3000/_next/static/chunks/b2b3e_next_dist_compiled_react-dom_d19f9ff6._.js:8757:17)
    at recursivelyTraversePassiveMountEffects (http://localhost:3000/_next/static/chunks/b2b3e_next_dist_compiled_react-dom_d19f9ff6._.js:8683:316)
    at commitPassiveMountOnFiber (http://localhost:3000/_next/static/chunks/b2b3e_next_dist_compiled_react-dom_d19f9ff6._.js:8695:17) @ http://localhost:3000/_next/static/chunks/b2b3e_next_dist_77a734fe._.js:3127
[26284529ms] [ERROR] Failed to load resource: net::ERR_CONNECTION_REFUSED @ http://localhost:8080/api/v1/ai/results/3707:0
[26284534ms] [ERROR] Failed to load resource: net::ERR_CONNECTION_REFUSED @ http://localhost:8080/ws/info?t=1773922169442:0
[26289537ms] [ERROR] Failed to load resource: net::ERR_CONNECTION_REFUSED @ http://localhost:8080/ws/info?t=1773922174447:0
[26294540ms] [ERROR] Failed to load resource: net::ERR_CONNECTION_REFUSED @ http://localhost:8080/ws/info?t=1773922179450:0
[26299542ms] [ERROR] Failed to load resource: net::ERR_CONNECTION_REFUSED @ http://localhost:8080/ws/info?t=1773922184452:0
[26304544ms] [ERROR] Failed to load resource: net::ERR_CONNECTION_REFUSED @ http://localhost:8080/ws/info?t=1773922189455:0
[26309548ms] [ERROR] Failed to load resource: net::ERR_CONNECTION_REFUSED @ http://localhost:8080/ws/info?t=1773922194458:0
[26314551ms] [ERROR] Failed to load resource: net::ERR_CONNECTION_REFUSED @ http://localhost:8080/ws/info?t=1773922199461:0
[26319553ms] [ERROR] Failed to load resource: net::ERR_CONNECTION_REFUSED @ http://localhost:8080/ws/info?t=1773922204463:0
[26324555ms] [ERROR] Failed to load resource: net::ERR_CONNECTION_REFUSED @ http://localhost:8080/ws/info?t=1773922209465:0
[26329559ms] [ERROR] Failed to load resource: net::ERR_CONNECTION_REFUSED @ http://localhost:8080/ws/info?t=1773922214469:0
[26334562ms] [ERROR] Failed to load resource: net::ERR_CONNECTION_REFUSED @ http://localhost:8080/ws/info?t=1773922219471:0
[26339564ms] [ERROR] Failed to load resource: net::ERR_CONNECTION_REFUSED @ http://localhost:8080/ws/info?t=1773922224475:0
[26344567ms] [ERROR] Failed to load resource: net::ERR_CONNECTION_REFUSED @ http://localhost:8080/ws/info?t=1773922229477:0
[26349569ms] [ERROR] Failed to load resource: net::ERR_CONNECTION_REFUSED @ http://localhost:8080/ws/info?t=1773922234479:0
[26354571ms] [ERROR] Failed to load resource: net::ERR_CONNECTION_REFUSED @ http://localhost:8080/ws/info?t=1773922239482:0
[26359574ms] [ERROR] Failed to load resource: net::ERR_CONNECTION_REFUSED @ http://localhost:8080/ws/info?t=1773922244484:0
[26364578ms] [ERROR] Failed to load resource: net::ERR_CONNECTION_REFUSED @ http://localhost:8080/ws/info?t=1773922249488:0
[26369582ms] [ERROR] Failed to load resource: net::ERR_CONNECTION_REFUSED @ http://localhost:8080/ws/info?t=1773922254491:0
[26374585ms] [ERROR] Failed to load resource: net::ERR_CONNECTION_REFUSED @ http://localhost:8080/ws/info?t=1773922259494:0
[26379588ms] [ERROR] Failed to load resource: net::ERR_CONNECTION_REFUSED @ http://localhost:8080/ws/info?t=1773922264499:0
[26384590ms] [ERROR] Failed to load resource: net::ERR_CONNECTION_REFUSED @ http://localhost:8080/ws/info?t=1773922269501:0
